<?xml version="1.0" encoding="UTF-8"?>
<!-- Generated by org.testng.reporters.JUnitReportReporter -->
<testsuite hostname="LAPTOP-7AIFL2R7" failures="0" tests="1" name="com.mlwallet.test.MLWalletWebScripts" time="44.202" errors="0" timestamp="2024-01-27T01:44:01 IST" skipped="0">
  <testcase classname="com.mlwallet.test.MLWalletWebScripts" name="TransferFundForParaBank" time="44.202"/>
  <system-out/>
</testsuite> <!-- com.mlwallet.test.MLWalletWebScripts -->
