<?xml version="1.0" encoding="UTF-8"?>
<!-- Generated by org.testng.reporters.JUnitReportReporter -->
<testsuite hostname="LAPTOP-7AIFL2R7" failures="0" tests="1" name="com.demoprojects.test.AirLineDomainWebScripts" time="25.543" errors="0" timestamp="2024-02-04T22:39:09 IST" skipped="0">
  <testcase classname="com.demoprojects.test.AirLineDomainWebScripts" name="airLineBookingE2EJourney" time="25.543"/>
  <system-out/>
</testsuite> <!-- com.demoprojects.test.AirLineDomainWebScripts -->
