<?xml version="1.0" encoding="UTF-8"?>
<!-- Generated by org.testng.reporters.JUnitReportReporter -->
<testsuite hostname="LAPTOP-7AIFL2R7" failures="0" tests="1" name="com.demoprojects.test.ParaBankingWebScripts" time="32.548" errors="0" timestamp="2024-02-05T01:32:37 IST" skipped="0">
  <testcase classname="com.demoprojects.test.ParaBankingWebScripts" name="TransferFundForParaBank" time="32.548"/>
  <system-out/>
</testsuite> <!-- com.demoprojects.test.ParaBankingWebScripts -->
